<?xml version="1.0" encoding="UTF-8"?>
<testng-results ignored="0" total="1" passed="1" failed="0" skipped="0">
  <reporter-output>
  </reporter-output>
  <suite started-at="2024-02-05T15:48:07 IST" name="Default suite" finished-at="2024-02-05T15:48:16 IST" duration-ms="9076">
    <groups>
    </groups>
    <test started-at="2024-02-05T15:48:07 IST" name="Default test" finished-at="2024-02-05T15:48:16 IST" duration-ms="9076">
      <class name="RestAssured.TrelloBoard">
        <test-method signature="CreateBoard()[pri:0, instance:RestAssured.TrelloBoard@3e11f9e9]" started-at="2024-02-05T15:48:07 IST" name="CreateBoard" finished-at="2024-02-05T15:48:16 IST" duration-ms="8959" status="PASS">
          <reporter-output>
          </reporter-output>
        </test-method> <!-- CreateBoard -->
      </class> <!-- RestAssured.TrelloBoard -->
    </test> <!-- Default test -->
  </suite> <!-- Default suite -->
</testng-results>
